{"/Users/aofeizhu/vue3-form/packages/form-core/core/context.ts": {"path":"/Users/aofeizhu/vue3-form/packages/form-core/core/context.ts","statementMap":{"0":{"start":{"line":1,"column":0},"end":{"line":1,"column":null}},"1":{"start":{"line":3,"column":13},"end":{"line":3,"column":null}},"2":{"start":{"line":17,"column":4},"end":{"line":17,"column":32}},"3":{"start":{"line":20,"column":4},"end":{"line":20,"column":null}},"4":{"start":{"line":22,"column":2},"end":{"line":22,"column":null}},"5":{"start":{"line":15,"column":0},"end":{"line":15,"column":16}}},"fnMap":{"0":{"name":"useVJSFContext","decl":{"start":{"line":15,"column":16},"end":{"line":15,"column":30}},"loc":{"start":{"line":15,"column":30},"end":{"line":23,"column":null}}}},"branchMap":{},"s":{"0":3,"1":3,"2":1,"3":0,"4":1,"5":3},"f":{"0":1},"b":{}}
,"/Users/aofeizhu/vue3-form/packages/form-core/core/index.ts": {"path":"/Users/aofeizhu/vue3-form/packages/form-core/core/index.ts","statementMap":{"0":{"start":{"line":1,"column":0},"end":{"line":1,"column":null}},"1":{"start":{"line":3,"column":0},"end":{"line":3,"column":null}}},"fnMap":{},"branchMap":{},"s":{"0":3,"1":3},"f":{},"b":{}}
,"/Users/aofeizhu/vue3-form/packages/form-core/core/schemaForm.tsx": {"path":"/Users/aofeizhu/vue3-form/packages/form-core/core/schemaForm.tsx","statementMap":{"0":{"start":{"line":1,"column":0},"end":{"line":1,"column":null}},"1":{"start":{"line":5,"column":0},"end":{"line":5,"column":null}},"2":{"start":{"line":6,"column":0},"end":{"line":6,"column":null}},"3":{"start":{"line":7,"column":0},"end":{"line":43,"column":null}},"4":{"start":{"line":22,"column":38},"end":{"line":22,"column":null}},"5":{"start":{"line":23,"column":22},"end":{"line":25,"column":5}},"6":{"start":{"line":24,"column":6},"end":{"line":24,"column":null}},"7":{"start":{"line":26,"column":20},"end":{"line":29,"column":6}},"8":{"start":{"line":30,"column":4},"end":{"line":30,"column":null}},"9":{"start":{"line":31,"column":4},"end":{"line":41,"column":null}},"10":{"start":{"line":32,"column":32},"end":{"line":32,"column":37}},"11":{"start":{"line":33,"column":6},"end":{"line":38,"column":null}}},"fnMap":{"0":{"name":"(anonymous_1)","decl":{"start":{"line":22,"column":2},"end":{"line":22,"column":7}},"loc":{"start":{"line":22,"column":38},"end":{"line":42,"column":null}}},"1":{"name":"(anonymous_2)","decl":{"start":{"line":23,"column":22},"end":{"line":23,"column":28}},"loc":{"start":{"line":23,"column":32},"end":{"line":25,"column":5}}},"2":{"name":"(anonymous_3)","decl":{"start":{"line":31,"column":11},"end":{"line":31,"column":16}},"loc":{"start":{"line":31,"column":16},"end":{"line":41,"column":5}}}},"branchMap":{},"s":{"0":3,"1":3,"2":3,"3":3,"4":3,"5":3,"6":2,"7":3,"8":3,"9":3,"10":3,"11":3},"f":{"0":3,"1":2,"2":3},"b":{}}
,"/Users/aofeizhu/vue3-form/packages/form-core/core/schemaItem.tsx": {"path":"/Users/aofeizhu/vue3-form/packages/form-core/core/schemaItem.tsx","statementMap":{"0":{"start":{"line":1,"column":0},"end":{"line":1,"column":null}},"1":{"start":{"line":2,"column":0},"end":{"line":2,"column":null}},"2":{"start":{"line":3,"column":0},"end":{"line":3,"column":null}},"3":{"start":{"line":6,"column":0},"end":{"line":6,"column":null}},"4":{"start":{"line":8,"column":0},"end":{"line":47,"column":null}},"5":{"start":{"line":12,"column":31},"end":{"line":16,"column":6}},"6":{"start":{"line":13,"column":44},"end":{"line":13,"column":49}},"7":{"start":{"line":15,"column":6},"end":{"line":15,"column":null}},"8":{"start":{"line":18,"column":4},"end":{"line":45,"column":null}},"9":{"start":{"line":19,"column":21},"end":{"line":19,"column":33}},"10":{"start":{"line":20,"column":19},"end":{"line":20,"column":31}},"11":{"start":{"line":21,"column":34},"end":{"line":21,"column":58}},"12":{"start":{"line":23,"column":6},"end":{"line":42,"column":null}},"13":{"start":{"line":25,"column":10},"end":{"line":25,"column":null}},"14":{"start":{"line":26,"column":10},"end":{"line":26,"column":null}},"15":{"start":{"line":29,"column":10},"end":{"line":29,"column":null}},"16":{"start":{"line":30,"column":10},"end":{"line":30,"column":null}},"17":{"start":{"line":33,"column":10},"end":{"line":33,"column":null}},"18":{"start":{"line":34,"column":10},"end":{"line":34,"column":null}},"19":{"start":{"line":37,"column":10},"end":{"line":37,"column":null}},"20":{"start":{"line":38,"column":10},"end":{"line":38,"column":null}},"21":{"start":{"line":40,"column":10},"end":{"line":40,"column":null}},"22":{"start":{"line":41,"column":10},"end":{"line":41,"column":null}},"23":{"start":{"line":44,"column":6},"end":{"line":44,"column":null}}},"fnMap":{"0":{"name":"(anonymous_0)","decl":{"start":{"line":11,"column":2},"end":{"line":11,"column":7}},"loc":{"start":{"line":11,"column":14},"end":{"line":46,"column":null}}},"1":{"name":"(anonymous_1)","decl":{"start":{"line":12,"column":40},"end":{"line":12,"column":45}},"loc":{"start":{"line":12,"column":45},"end":{"line":16,"column":5}}},"2":{"name":"(anonymous_2)","decl":{"start":{"line":18,"column":11},"end":{"line":18,"column":16}},"loc":{"start":{"line":18,"column":16},"end":{"line":45,"column":5}}}},"branchMap":{"0":{"loc":{"start":{"line":20,"column":19},"end":{"line":20,"column":31}},"type":"cond-expr","locations":[{"start":{"line":20,"column":25},"end":{"line":20,"column":27}},{"start":{"line":20,"column":19},"end":{"line":20,"column":31}}]},"1":{"loc":{"start":{"line":20,"column":19},"end":{"line":20,"column":27}},"type":"binary-expr","locations":[{"start":{"line":20,"column":19},"end":{"line":20,"column":27}},{"start":{"line":20,"column":19},"end":{"line":20,"column":27}}]},"2":{"loc":{"start":{"line":23,"column":6},"end":{"line":42,"column":null}},"type":"switch","locations":[{"start":{"line":36,"column":8},"end":{"line":38,"column":null}}]}},"s":{"0":3,"1":3,"2":3,"3":3,"4":3,"5":5,"6":5,"7":5,"8":5,"9":5,"10":5,"11":5,"12":5,"13":1,"14":1,"15":3,"16":3,"17":1,"18":1,"19":0,"20":0,"21":0,"22":0,"23":5},"f":{"0":5,"1":5,"2":5},"b":{"0":[0,5],"1":[5,5],"2":[0]}}
,"/Users/aofeizhu/vue3-form/packages/form-core/core/types.ts": {"path":"/Users/aofeizhu/vue3-form/packages/form-core/core/types.ts","statementMap":{"0":{"start":{"line":2,"column":0},"end":{"line":2,"column":null}},"1":{"start":{"line":3,"column":2},"end":{"line":3,"column":null}},"2":{"start":{"line":4,"column":2},"end":{"line":4,"column":null}},"3":{"start":{"line":5,"column":2},"end":{"line":5,"column":null}},"4":{"start":{"line":6,"column":2},"end":{"line":6,"column":null}},"5":{"start":{"line":7,"column":2},"end":{"line":7,"column":null}},"6":{"start":{"line":8,"column":2},"end":{"line":8,"column":null}},"7":{"start":{"line":51,"column":13},"end":{"line":75,"column":null}},"8":{"start":{"line":81,"column":13},"end":{"line":97,"column":null}},"9":{"start":{"line":98,"column":13},"end":{"line":109,"column":null}}},"fnMap":{"0":{"name":"(anonymous_0)","decl":{"start":{"line":2,"column":0},"end":{"line":2,"column":12}},"loc":{"start":{"line":2,"column":23},"end":{"line":9,"column":1}}}},"branchMap":{"0":{"loc":{"start":{"line":2,"column":12},"end":{"line":2,"column":null}},"type":"binary-expr","locations":[{"start":{"line":2,"column":12},"end":{"line":2,"column":23}},{"start":{"line":2,"column":12},"end":{"line":2,"column":null}}]}},"s":{"0":3,"1":3,"2":3,"3":3,"4":3,"5":3,"6":3,"7":3,"8":3,"9":3},"f":{"0":3},"b":{"0":[3,3]}}
,"/Users/aofeizhu/vue3-form/packages/form-core/core/utils.ts": {"path":"/Users/aofeizhu/vue3-form/packages/form-core/core/utils.ts","statementMap":{"0":{"start":{"line":2,"column":0},"end":{"line":2,"column":null}},"1":{"start":{"line":3,"column":0},"end":{"line":3,"column":null}},"2":{"start":{"line":4,"column":0},"end":{"line":4,"column":null}},"3":{"start":{"line":5,"column":0},"end":{"line":5,"column":null}},"4":{"start":{"line":10,"column":2},"end":{"line":10,"column":null}},"5":{"start":{"line":9,"column":0},"end":{"line":9,"column":16}},"6":{"start":{"line":14,"column":2},"end":{"line":14,"column":null}},"7":{"start":{"line":13,"column":0},"end":{"line":13,"column":16}},"8":{"start":{"line":22,"column":2},"end":{"line":22,"column":null}},"9":{"start":{"line":17,"column":0},"end":{"line":17,"column":16}},"10":{"start":{"line":29,"column":24},"end":{"line":29,"column":33}},"11":{"start":{"line":32,"column":16},"end":{"line":32,"column":54}},"12":{"start":{"line":33,"column":2},"end":{"line":36,"column":null}},"13":{"start":{"line":31,"column":0},"end":{"line":31,"column":16}},"14":{"start":{"line":42,"column":56},"end":{"line":42,"column":61}},"15":{"start":{"line":42,"column":71},"end":{"line":42,"column":76}},"16":{"start":{"line":45,"column":4},"end":{"line":45,"column":null}},"17":{"start":{"line":47,"column":27},"end":{"line":47,"column":76}},"18":{"start":{"line":48,"column":4},"end":{"line":48,"column":null}},"19":{"start":{"line":50,"column":4},"end":{"line":55,"column":null}},"20":{"start":{"line":53,"column":8},"end":{"line":53,"column":60}},"21":{"start":{"line":58,"column":4},"end":{"line":58,"column":null}},"22":{"start":{"line":42,"column":0},"end":{"line":42,"column":16}},"23":{"start":{"line":64,"column":12},"end":{"line":64,"column":17}},"24":{"start":{"line":65,"column":2},"end":{"line":65,"column":20}},"25":{"start":{"line":68,"column":4},"end":{"line":68,"column":null}},"26":{"start":{"line":70,"column":23},"end":{"line":70,"column":66}},"27":{"start":{"line":77,"column":6},"end":{"line":81,"column":null}},"28":{"start":{"line":83,"column":6},"end":{"line":83,"column":null}},"29":{"start":{"line":84,"column":55},"end":{"line":84,"column":69}},"30":{"start":{"line":85,"column":6},"end":{"line":85,"column":null}},"31":{"start":{"line":89,"column":4},"end":{"line":90,"column":49}},"32":{"start":{"line":93,"column":4},"end":{"line":97,"column":null}},"33":{"start":{"line":99,"column":2},"end":{"line":99,"column":null}},"34":{"start":{"line":62,"column":0},"end":{"line":62,"column":16}},"35":{"start":{"line":102,"column":13},"end":{"line":102,"column":null}},"36":{"start":{"line":107,"column":2},"end":{"line":107,"column":25}},"37":{"start":{"line":108,"column":2},"end":{"line":108,"column":20}},"38":{"start":{"line":111,"column":2},"end":{"line":114,"column":null}},"39":{"start":{"line":116,"column":2},"end":{"line":139,"column":null}},"40":{"start":{"line":119,"column":6},"end":{"line":119,"column":null}},"41":{"start":{"line":124,"column":6},"end":{"line":128,"column":null}},"42":{"start":{"line":130,"column":6},"end":{"line":130,"column":null}},"43":{"start":{"line":132,"column":6},"end":{"line":132,"column":null}},"44":{"start":{"line":136,"column":5},"end":{"line":136,"column":null}},"45":{"start":{"line":138,"column":5},"end":{"line":138,"column":null}},"46":{"start":{"line":141,"column":2},"end":{"line":141,"column":null}},"47":{"start":{"line":105,"column":0},"end":{"line":105,"column":16}},"48":{"start":{"line":159,"column":21},"end":{"line":159,"column":66}},"49":{"start":{"line":161,"column":35},"end":{"line":161,"column":41}},"50":{"start":{"line":163,"column":2},"end":{"line":167,"column":null}},"51":{"start":{"line":170,"column":61},"end":{"line":170,"column":66}},"52":{"start":{"line":171,"column":18},"end":{"line":171,"column":22}},"53":{"start":{"line":174,"column":4},"end":{"line":174,"column":null}},"54":{"start":{"line":176,"column":4},"end":{"line":176,"column":null}},"55":{"start":{"line":178,"column":18},"end":{"line":178,"column":51}},"56":{"start":{"line":180,"column":4},"end":{"line":180,"column":null}},"57":{"start":{"line":184,"column":4},"end":{"line":184,"column":null}},"58":{"start":{"line":186,"column":2},"end":{"line":186,"column":null}},"59":{"start":{"line":170,"column":0},"end":{"line":170,"column":16}},"60":{"start":{"line":195,"column":49},"end":{"line":195,"column":55}},"61":{"start":{"line":197,"column":4},"end":{"line":200,"column":null}},"62":{"start":{"line":202,"column":4},"end":{"line":205,"column":null}},"63":{"start":{"line":207,"column":2},"end":{"line":212,"column":null}},"64":{"start":{"line":225,"column":6},"end":{"line":225,"column":null}},"65":{"start":{"line":232,"column":6},"end":{"line":232,"column":null}},"66":{"start":{"line":235,"column":6},"end":{"line":235,"column":18}},"67":{"start":{"line":237,"column":6},"end":{"line":237,"column":null}},"68":{"start":{"line":239,"column":6},"end":{"line":245,"column":null}},"69":{"start":{"line":247,"column":4},"end":{"line":252,"column":null}},"70":{"start":{"line":254,"column":2},"end":{"line":254,"column":null}},"71":{"start":{"line":259,"column":4},"end":{"line":259,"column":null}},"72":{"start":{"line":261,"column":19},"end":{"line":263,"column":26}},"73":{"start":{"line":264,"column":2},"end":{"line":264,"column":null}},"74":{"start":{"line":275,"column":40},"end":{"line":278,"column":null}},"75":{"start":{"line":280,"column":2},"end":{"line":280,"column":null}},"76":{"start":{"line":283,"column":4},"end":{"line":283,"column":null}},"77":{"start":{"line":285,"column":4},"end":{"line":285,"column":null}},"78":{"start":{"line":288,"column":24},"end":{"line":291,"column":null}},"79":{"start":{"line":289,"column":4},"end":{"line":291,"column":17}},"80":{"start":{"line":293,"column":2},"end":{"line":299,"column":null}},"81":{"start":{"line":309,"column":26},"end":{"line":325,"column":4}},"82":{"start":{"line":311,"column":6},"end":{"line":311,"column":null}},"83":{"start":{"line":313,"column":57},"end":{"line":313,"column":77}},"84":{"start":{"line":315,"column":30},"end":{"line":320,"column":null}},"85":{"start":{"line":322,"column":25},"end":{"line":322,"column":64}},"86":{"start":{"line":323,"column":6},"end":{"line":323,"column":null}},"87":{"start":{"line":327,"column":4},"end":{"line":329,"column":null}},"88":{"start":{"line":330,"column":4},"end":{"line":330,"column":null}},"89":{"start":{"line":332,"column":20},"end":{"line":332,"column":38}},"90":{"start":{"line":334,"column":4},"end":{"line":334,"column":24}},"91":{"start":{"line":335,"column":26},"end":{"line":335,"column":74}},"92":{"start":{"line":336,"column":2},"end":{"line":340,"column":null}},"93":{"start":{"line":349,"column":14},"end":{"line":349,"column":37}},"94":{"start":{"line":350,"column":2},"end":{"line":370,"column":null}},"95":{"start":{"line":351,"column":17},"end":{"line":351,"column":38}},"96":{"start":{"line":352,"column":18},"end":{"line":352,"column":27}},"97":{"start":{"line":354,"column":6},"end":{"line":354,"column":null}},"98":{"start":{"line":365,"column":6},"end":{"line":365,"column":null}},"99":{"start":{"line":367,"column":6},"end":{"line":367,"column":null}},"100":{"start":{"line":369,"column":4},"end":{"line":369,"column":null}},"101":{"start":{"line":348,"column":0},"end":{"line":348,"column":16}},"102":{"start":{"line":383,"column":19},"end":{"line":383,"column":25}},"103":{"start":{"line":386,"column":4},"end":{"line":386,"column":null}},"104":{"start":{"line":390,"column":4},"end":{"line":390,"column":null}},"105":{"start":{"line":394,"column":4},"end":{"line":394,"column":null}},"106":{"start":{"line":397,"column":17},"end":{"line":397,"column":21}},"107":{"start":{"line":399,"column":4},"end":{"line":399,"column":null}},"108":{"start":{"line":399,"column":28},"end":{"line":399,"column":43}},"109":{"start":{"line":402,"column":2},"end":{"line":402,"column":null}},"110":{"start":{"line":382,"column":0},"end":{"line":382,"column":16}},"111":{"start":{"line":431,"column":25},"end":{"line":447,"column":1}},"112":{"start":{"line":433,"column":4},"end":{"line":433,"column":null}},"113":{"start":{"line":435,"column":4},"end":{"line":435,"column":null}},"114":{"start":{"line":437,"column":4},"end":{"line":437,"column":null}},"115":{"start":{"line":439,"column":4},"end":{"line":439,"column":null}},"116":{"start":{"line":441,"column":4},"end":{"line":441,"column":null}},"117":{"start":{"line":443,"column":4},"end":{"line":443,"column":null}},"118":{"start":{"line":446,"column":2},"end":{"line":446,"column":null}},"119":{"start":{"line":431,"column":13},"end":{"line":431,"column":25}},"120":{"start":{"line":450,"column":2},"end":{"line":452,"column":null}},"121":{"start":{"line":449,"column":0},"end":{"line":449,"column":16}},"122":{"start":{"line":456,"column":39},"end":{"line":456,"column":62}},"123":{"start":{"line":457,"column":17},"end":{"line":457,"column":52}},"124":{"start":{"line":458,"column":21},"end":{"line":458,"column":49}},"125":{"start":{"line":460,"column":4},"end":{"line":460,"column":null}},"126":{"start":{"line":462,"column":4},"end":{"line":462,"column":null}},"127":{"start":{"line":462,"column":44},"end":{"line":462,"column":66}},"128":{"start":{"line":464,"column":2},"end":{"line":464,"column":null}},"129":{"start":{"line":456,"column":0},"end":{"line":456,"column":16}},"130":{"start":{"line":467,"column":46},"end":{"line":467,"column":69}},"131":{"start":{"line":469,"column":4},"end":{"line":469,"column":null}},"132":{"start":{"line":471,"column":2},"end":{"line":471,"column":null}},"133":{"start":{"line":467,"column":0},"end":{"line":467,"column":16}},"134":{"start":{"line":480,"column":15},"end":{"line":480,"column":16}},"135":{"start":{"line":481,"column":19},"end":{"line":481,"column":29}},"136":{"start":{"line":493,"column":28},"end":{"line":497,"column":null}},"137":{"start":{"line":494,"column":60},"end":{"line":496,"column":10}},"138":{"start":{"line":504,"column":36},"end":{"line":504,"column":42}},"139":{"start":{"line":507,"column":10},"end":{"line":507,"column":null}},"140":{"start":{"line":510,"column":10},"end":{"line":510,"column":null}},"141":{"start":{"line":513,"column":8},"end":{"line":513,"column":null}},"142":{"start":{"line":515,"column":8},"end":{"line":515,"column":null}},"143":{"start":{"line":517,"column":8},"end":{"line":517,"column":null}},"144":{"start":{"line":522,"column":6},"end":{"line":522,"column":null}},"145":{"start":{"line":525,"column":8},"end":{"line":525,"column":null}},"146":{"start":{"line":528,"column":6},"end":{"line":528,"column":null}},"147":{"start":{"line":531,"column":2},"end":{"line":531,"column":null}},"148":{"start":{"line":475,"column":0},"end":{"line":475,"column":16}},"149":{"start":{"line":537,"column":6},"end":{"line":537,"column":null}},"150":{"start":{"line":539,"column":4},"end":{"line":544,"column":null}},"151":{"start":{"line":541,"column":8},"end":{"line":541,"column":null}},"152":{"start":{"line":543,"column":6},"end":{"line":543,"column":null}},"153":{"start":{"line":546,"column":16},"end":{"line":546,"column":43}},"154":{"start":{"line":547,"column":4},"end":{"line":553,"column":null}},"155":{"start":{"line":548,"column":6},"end":{"line":551,"column":null}},"156":{"start":{"line":552,"column":6},"end":{"line":552,"column":null}},"157":{"start":{"line":555,"column":4},"end":{"line":555,"column":null}},"158":{"start":{"line":534,"column":0},"end":{"line":534,"column":16}},"159":{"start":{"line":566,"column":4},"end":{"line":566,"column":null}},"160":{"start":{"line":569,"column":19},"end":{"line":569,"column":34}},"161":{"start":{"line":580,"column":4},"end":{"line":580,"column":null}},"162":{"start":{"line":583,"column":4},"end":{"line":583,"column":null}},"163":{"start":{"line":586,"column":4},"end":{"line":586,"column":null}},"164":{"start":{"line":588,"column":2},"end":{"line":588,"column":null}},"165":{"start":{"line":559,"column":0},"end":{"line":559,"column":16}}},"fnMap":{"0":{"name":"isObject","decl":{"start":{"line":9,"column":16},"end":{"line":9,"column":24}},"loc":{"start":{"line":9,"column":35},"end":{"line":11,"column":null}}},"1":{"name":"isEmptyObject","decl":{"start":{"line":13,"column":16},"end":{"line":13,"column":29}},"loc":{"start":{"line":13,"column":40},"end":{"line":15,"column":null}}},"2":{"name":"hasOwnProperty","decl":{"start":{"line":17,"column":16},"end":{"line":17,"column":30}},"loc":{"start":{"line":17,"column":52},"end":{"line":23,"column":null}}},"3":{"name":"validateData","decl":{"start":{"line":31,"column":16},"end":{"line":31,"column":28}},"loc":{"start":{"line":31,"column":51},"end":{"line":37,"column":null}}},"4":{"name":"resolveSchema","decl":{"start":{"line":42,"column":16},"end":{"line":42,"column":29}},"loc":{"start":{"line":42,"column":76},"end":{"line":60,"column":null}}},"5":{"name":"(anonymous_6)","decl":{"start":{"line":52,"column":31},"end":{"line":52,"column":45}},"loc":{"start":{"line":53,"column":8},"end":{"line":53,"column":60}}},"6":{"name":"retrieveSchema","decl":{"start":{"line":62,"column":16},"end":{"line":62,"column":30}},"loc":{"start":{"line":65,"column":20},"end":{"line":100,"column":null}}},"7":{"name":"stubExistingAdditionalProperties","decl":{"start":{"line":105,"column":16},"end":{"line":105,"column":48}},"loc":{"start":{"line":108,"column":20},"end":{"line":142,"column":null}}},"8":{"name":"(anonymous_9)","decl":{"start":{"line":116,"column":33},"end":{"line":116,"column":36}},"loc":{"start":{"line":116,"column":40},"end":{"line":139,"column":3}}},"9":{"name":"resolveReference","decl":{"start":{"line":157,"column":9},"end":{"line":157,"column":25}},"loc":{"start":{"line":157,"column":69},"end":{"line":168,"column":null}}},"10":{"name":"findSchemaDefinition","decl":{"start":{"line":170,"column":16},"end":{"line":170,"column":36}},"loc":{"start":{"line":170,"column":66},"end":{"line":187,"column":null}}},"11":{"name":"resolveDependencies","decl":{"start":{"line":189,"column":9},"end":{"line":189,"column":28}},"loc":{"start":{"line":192,"column":15},"end":{"line":213,"column":null}}},"12":{"name":"processDependencies","decl":{"start":{"line":215,"column":9},"end":{"line":215,"column":28}},"loc":{"start":{"line":219,"column":15},"end":{"line":255,"column":null}}},"13":{"name":"withDependentProperties","decl":{"start":{"line":257,"column":9},"end":{"line":257,"column":32}},"loc":{"start":{"line":257,"column":71},"end":{"line":265,"column":null}}},"14":{"name":"withDependentSchema","decl":{"start":{"line":267,"column":9},"end":{"line":267,"column":28}},"loc":{"start":{"line":272,"column":22},"end":{"line":300,"column":null}}},"15":{"name":"(anonymous_16)","decl":{"start":{"line":288,"column":35},"end":{"line":288,"column":44}},"loc":{"start":{"line":289,"column":4},"end":{"line":291,"column":17}}},"16":{"name":"withExactlyOneSubschema","decl":{"start":{"line":302,"column":9},"end":{"line":302,"column":32}},"loc":{"start":{"line":307,"column":12},"end":{"line":341,"column":null}}},"17":{"name":"(anonymous_18)","decl":{"start":{"line":309,"column":40},"end":{"line":309,"column":54}},"loc":{"start":{"line":309,"column":58},"end":{"line":325,"column":3}}},"18":{"name":"mergeSchemas","decl":{"start":{"line":348,"column":16},"end":{"line":348,"column":28}},"loc":{"start":{"line":348,"column":49},"end":{"line":371,"column":null}}},"19":{"name":"(anonymous_20)","decl":{"start":{"line":350,"column":34},"end":{"line":350,"column":35}},"loc":{"start":{"line":350,"column":47},"end":{"line":370,"column":3}}},"20":{"name":"getSchemaType","decl":{"start":{"line":382,"column":16},"end":{"line":382,"column":29}},"loc":{"start":{"line":382,"column":44},"end":{"line":427,"column":null}}},"21":{"name":"(anonymous_22)","decl":{"start":{"line":399,"column":19},"end":{"line":399,"column":23}},"loc":{"start":{"line":399,"column":28},"end":{"line":399,"column":43}}},"22":{"name":"guessType","decl":{"start":{"line":431,"column":34},"end":{"line":431,"column":43}},"loc":{"start":{"line":431,"column":54},"end":{"line":447,"column":1}}},"23":{"name":"isConstant","decl":{"start":{"line":449,"column":16},"end":{"line":449,"column":26}},"loc":{"start":{"line":449,"column":41},"end":{"line":454,"column":null}}},"24":{"name":"isSelect","decl":{"start":{"line":456,"column":16},"end":{"line":456,"column":24}},"loc":{"start":{"line":456,"column":62},"end":{"line":465,"column":null}}},"25":{"name":"(anonymous_26)","decl":{"start":{"line":462,"column":29},"end":{"line":462,"column":39}},"loc":{"start":{"line":462,"column":44},"end":{"line":462,"column":66}}},"26":{"name":"isMultiSelect","decl":{"start":{"line":467,"column":16},"end":{"line":467,"column":29}},"loc":{"start":{"line":467,"column":69},"end":{"line":472,"column":null}}},"27":{"name":"getMatchingOption","decl":{"start":{"line":475,"column":16},"end":{"line":475,"column":33}},"loc":{"start":{"line":478,"column":49},"end":{"line":532,"column":null}}},"28":{"name":"(anonymous_29)","decl":{"start":{"line":494,"column":51},"end":{"line":494,"column":54}},"loc":{"start":{"line":494,"column":60},"end":{"line":496,"column":10}}},"29":{"name":"mergeDefaultsWithFormData","decl":{"start":{"line":534,"column":16},"end":{"line":534,"column":41}},"loc":{"start":{"line":534,"column":70},"end":{"line":557,"column":null}}},"30":{"name":"(anonymous_31)","decl":{"start":{"line":539,"column":24},"end":{"line":539,"column":25}},"loc":{"start":{"line":539,"column":39},"end":{"line":544,"column":5}}},"31":{"name":"(anonymous_32)","decl":{"start":{"line":547,"column":40},"end":{"line":547,"column":41}},"loc":{"start":{"line":547,"column":53},"end":{"line":553,"column":5}}},"32":{"name":"getDefaultFormState","decl":{"start":{"line":559,"column":16},"end":{"line":559,"column":35}},"loc":{"start":{"line":561,"column":15},"end":{"line":589,"column":null}}}},"branchMap":{"0":{"loc":{"start":{"line":10,"column":9},"end":{"line":10,"column":77}},"type":"binary-expr","locations":[{"start":{"line":10,"column":9},"end":{"line":10,"column":34}},{"start":{"line":10,"column":38},"end":{"line":10,"column":52}},{"start":{"line":10,"column":56},"end":{"line":10,"column":77}}]},"1":{"loc":{"start":{"line":14,"column":9},"end":{"line":14,"column":59}},"type":"binary-expr","locations":[{"start":{"line":14,"column":9},"end":{"line":14,"column":24}},{"start":{"line":14,"column":28},"end":{"line":14,"column":59}}]},"2":{"loc":{"start":{"line":42,"column":56},"end":{"line":42,"column":61}},"type":"cond-expr","locations":[{"start":{"line":42,"column":56},"end":{"line":42,"column":59}},{"start":{"line":42,"column":59},"end":{"line":42,"column":61}}]},"3":{"loc":{"start":{"line":42,"column":56},"end":{"line":42,"column":59}},"type":"binary-expr","locations":[{"start":{"line":42,"column":56},"end":{"line":42,"column":59}},{"start":{"line":42,"column":56},"end":{"line":42,"column":59}}]},"4":{"loc":{"start":{"line":42,"column":71},"end":{"line":42,"column":76}},"type":"cond-expr","locations":[{"start":{"line":42,"column":71},"end":{"line":42,"column":74}},{"start":{"line":42,"column":74},"end":{"line":42,"column":76}}]},"5":{"loc":{"start":{"line":42,"column":71},"end":{"line":42,"column":74}},"type":"binary-expr","locations":[{"start":{"line":42,"column":71},"end":{"line":42,"column":74}},{"start":{"line":42,"column":71},"end":{"line":42,"column":74}}]},"6":{"loc":{"start":{"line":49,"column":13},"end":{"line":49,"column":75}},"type":"binary-expr","locations":[{"start":{"line":49,"column":13},"end":{"line":49,"column":44}},{"start":{"line":49,"column":48},"end":{"line":49,"column":75}}]},"7":{"loc":{"start":{"line":64,"column":12},"end":{"line":64,"column":17}},"type":"cond-expr","locations":[{"start":{"line":64,"column":12},"end":{"line":64,"column":15}},{"start":{"line":64,"column":15},"end":{"line":64,"column":17}}]},"8":{"loc":{"start":{"line":64,"column":12},"end":{"line":64,"column":15}},"type":"binary-expr","locations":[{"start":{"line":64,"column":12},"end":{"line":64,"column":15}},{"start":{"line":64,"column":12},"end":{"line":64,"column":15}}]},"9":{"loc":{"start":{"line":65,"column":2},"end":{"line":65,"column":20}},"type":"cond-expr","locations":[{"start":{"line":65,"column":2},"end":{"line":65,"column":18}},{"start":{"line":65,"column":18},"end":{"line":65,"column":20}}]},"10":{"loc":{"start":{"line":65,"column":2},"end":{"line":65,"column":18}},"type":"binary-expr","locations":[{"start":{"line":65,"column":2},"end":{"line":65,"column":18}},{"start":{"line":65,"column":2},"end":{"line":65,"column":18}}]},"11":{"loc":{"start":{"line":89,"column":4},"end":{"line":90,"column":49}},"type":"binary-expr","locations":[{"start":{"line":89,"column":4},"end":{"line":89,"column":57}},{"start":{"line":90,"column":4},"end":{"line":90,"column":49}}]},"12":{"loc":{"start":{"line":107,"column":2},"end":{"line":107,"column":25}},"type":"cond-expr","locations":[{"start":{"line":107,"column":2},"end":{"line":107,"column":23}},{"start":{"line":107,"column":23},"end":{"line":107,"column":25}}]},"13":{"loc":{"start":{"line":107,"column":2},"end":{"line":107,"column":23}},"type":"binary-expr","locations":[{"start":{"line":107,"column":2},"end":{"line":107,"column":23}},{"start":{"line":107,"column":2},"end":{"line":107,"column":23}}]},"14":{"loc":{"start":{"line":108,"column":2},"end":{"line":108,"column":20}},"type":"cond-expr","locations":[{"start":{"line":108,"column":2},"end":{"line":108,"column":18}},{"start":{"line":108,"column":18},"end":{"line":108,"column":20}}]},"15":{"loc":{"start":{"line":108,"column":2},"end":{"line":108,"column":18}},"type":"binary-expr","locations":[{"start":{"line":108,"column":2},"end":{"line":108,"column":18}},{"start":{"line":108,"column":2},"end":{"line":108,"column":18}}]},"16":{"loc":{"start":{"line":170,"column":61},"end":{"line":170,"column":66}},"type":"cond-expr","locations":[{"start":{"line":170,"column":61},"end":{"line":170,"column":64}},{"start":{"line":170,"column":64},"end":{"line":170,"column":66}}]},"17":{"loc":{"start":{"line":170,"column":61},"end":{"line":170,"column":64}},"type":"binary-expr","locations":[{"start":{"line":170,"column":61},"end":{"line":170,"column":64}},{"start":{"line":170,"column":61},"end":{"line":170,"column":64}}]},"18":{"loc":{"start":{"line":195,"column":8},"end":{"line":195,"column":25}},"type":"default-arg","locations":[{"start":{"line":195,"column":23},"end":{"line":195,"column":25}}]},"19":{"loc":{"start":{"line":229,"column":6},"end":{"line":230,"column":51}},"type":"binary-expr","locations":[{"start":{"line":229,"column":6},"end":{"line":229,"column":31}},{"start":{"line":230,"column":6},"end":{"line":230,"column":51}}]},"20":{"loc":{"start":{"line":261,"column":19},"end":{"line":263,"column":26}},"type":"cond-expr","locations":[{"start":{"line":262,"column":6},"end":{"line":262,"column":72}},{"start":{"line":263,"column":6},"end":{"line":263,"column":26}}]},"21":{"loc":{"start":{"line":289,"column":4},"end":{"line":291,"column":17}},"type":"cond-expr","locations":[{"start":{"line":290,"column":8},"end":{"line":290,"column":57}},{"start":{"line":291,"column":8},"end":{"line":291,"column":17}}]},"22":{"loc":{"start":{"line":323,"column":13},"end":{"line":323,"column":43}},"type":"binary-expr","locations":[{"start":{"line":323,"column":13},"end":{"line":323,"column":20}},{"start":{"line":323,"column":24},"end":{"line":323,"column":43}}]},"23":{"loc":{"start":{"line":351,"column":17},"end":{"line":351,"column":38}},"type":"cond-expr","locations":[{"start":{"line":351,"column":24},"end":{"line":351,"column":33}},{"start":{"line":351,"column":36},"end":{"line":351,"column":38}}]},"24":{"loc":{"start":{"line":353,"column":8},"end":{"line":353,"column":60}},"type":"binary-expr","locations":[{"start":{"line":353,"column":8},"end":{"line":353,"column":12}},{"start":{"line":353,"column":16},"end":{"line":353,"column":41}},{"start":{"line":353,"column":45},"end":{"line":353,"column":60}}]},"25":{"loc":{"start":{"line":356,"column":6},"end":{"line":361,"column":26}},"type":"binary-expr","locations":[{"start":{"line":356,"column":6},"end":{"line":356,"column":10}},{"start":{"line":357,"column":6},"end":{"line":357,"column":10}},{"start":{"line":358,"column":7},"end":{"line":358,"column":39}},{"start":{"line":358,"column":43},"end":{"line":358,"column":75}},{"start":{"line":359,"column":6},"end":{"line":359,"column":24}},{"start":{"line":360,"column":6},"end":{"line":360,"column":25}},{"start":{"line":361,"column":6},"end":{"line":361,"column":26}}]},"26":{"loc":{"start":{"line":385,"column":6},"end":{"line":385,"column":27}},"type":"binary-expr","locations":[{"start":{"line":385,"column":6},"end":{"line":385,"column":11}},{"start":{"line":385,"column":15},"end":{"line":385,"column":27}}]},"27":{"loc":{"start":{"line":389,"column":6},"end":{"line":389,"column":26}},"type":"binary-expr","locations":[{"start":{"line":389,"column":6},"end":{"line":389,"column":11}},{"start":{"line":389,"column":15},"end":{"line":389,"column":26}}]},"28":{"loc":{"start":{"line":393,"column":6},"end":{"line":393,"column":65}},"type":"binary-expr","locations":[{"start":{"line":393,"column":6},"end":{"line":393,"column":11}},{"start":{"line":393,"column":16},"end":{"line":393,"column":33}},{"start":{"line":393,"column":37},"end":{"line":393,"column":64}}]},"29":{"loc":{"start":{"line":398,"column":6},"end":{"line":398,"column":64}},"type":"binary-expr","locations":[{"start":{"line":398,"column":6},"end":{"line":398,"column":24}},{"start":{"line":398,"column":28},"end":{"line":398,"column":42}},{"start":{"line":398,"column":46},"end":{"line":398,"column":64}}]},"30":{"loc":{"start":{"line":451,"column":5},"end":{"line":452,"column":34}},"type":"binary-expr","locations":[{"start":{"line":451,"column":5},"end":{"line":451,"column":31}},{"start":{"line":451,"column":35},"end":{"line":451,"column":59}},{"start":{"line":452,"column":4},"end":{"line":452,"column":34}}]},"31":{"loc":{"start":{"line":456,"column":39},"end":{"line":456,"column":62}},"type":"cond-expr","locations":[{"start":{"line":456,"column":39},"end":{"line":456,"column":60}},{"start":{"line":456,"column":60},"end":{"line":456,"column":62}}]},"32":{"loc":{"start":{"line":456,"column":39},"end":{"line":456,"column":60}},"type":"binary-expr","locations":[{"start":{"line":456,"column":39},"end":{"line":456,"column":60}},{"start":{"line":456,"column":39},"end":{"line":456,"column":60}}]},"33":{"loc":{"start":{"line":458,"column":21},"end":{"line":458,"column":49}},"type":"binary-expr","locations":[{"start":{"line":458,"column":21},"end":{"line":458,"column":33}},{"start":{"line":458,"column":37},"end":{"line":458,"column":49}}]},"34":{"loc":{"start":{"line":467,"column":46},"end":{"line":467,"column":69}},"type":"cond-expr","locations":[{"start":{"line":467,"column":46},"end":{"line":467,"column":67}},{"start":{"line":467,"column":67},"end":{"line":467,"column":69}}]},"35":{"loc":{"start":{"line":467,"column":46},"end":{"line":467,"column":67}},"type":"binary-expr","locations":[{"start":{"line":467,"column":46},"end":{"line":467,"column":67}},{"start":{"line":467,"column":46},"end":{"line":467,"column":67}}]},"36":{"loc":{"start":{"line":468,"column":6},"end":{"line":468,"column":42}},"type":"binary-expr","locations":[{"start":{"line":468,"column":6},"end":{"line":468,"column":25}},{"start":{"line":468,"column":29},"end":{"line":468,"column":42}}]},"37":{"loc":{"start":{"line":549,"column":8},"end":{"line":549,"column":37}},"type":"cond-expr","locations":[{"start":{"line":549,"column":19},"end":{"line":549,"column":32}},{"start":{"line":549,"column":35},"end":{"line":549,"column":37}}]},"38":{"loc":{"start":{"line":582,"column":6},"end":{"line":582,"column":51}},"type":"binary-expr","locations":[{"start":{"line":582,"column":6},"end":{"line":582,"column":24}},{"start":{"line":582,"column":28},"end":{"line":582,"column":51}}]},"39":{"loc":{"start":{"line":585,"column":6},"end":{"line":585,"column":61}},"type":"binary-expr","locations":[{"start":{"line":585,"column":6},"end":{"line":585,"column":20}},{"start":{"line":585,"column":24},"end":{"line":585,"column":42}},{"start":{"line":585,"column":46},"end":{"line":585,"column":61}}]},"40":{"loc":{"start":{"line":588,"column":9},"end":{"line":588,"column":29}},"type":"binary-expr","locations":[{"start":{"line":588,"column":9},"end":{"line":588,"column":17}},{"start":{"line":588,"column":21},"end":{"line":588,"column":29}}]}},"s":{"0":3,"1":3,"2":3,"3":3,"4":6,"5":3,"6":0,"7":3,"8":15,"9":3,"10":3,"11":0,"12":0,"13":3,"14":5,"15":5,"16":0,"17":0,"18":0,"19":0,"20":0,"21":5,"22":3,"23":5,"24":5,"25":0,"26":5,"27":0,"28":0,"29":0,"30":0,"31":5,"32":0,"33":5,"34":3,"35":3,"36":0,"37":0,"38":0,"39":0,"40":0,"41":0,"42":0,"43":0,"44":0,"45":0,"46":0,"47":3,"48":0,"49":0,"50":0,"51":0,"52":0,"53":0,"54":0,"55":0,"56":0,"57":0,"58":0,"59":3,"60":0,"61":0,"62":0,"63":0,"64":0,"65":0,"66":0,"67":0,"68":0,"69":0,"70":0,"71":0,"72":0,"73":0,"74":0,"75":0,"76":0,"77":0,"78":0,"79":0,"80":0,"81":0,"82":0,"83":0,"84":0,"85":0,"86":0,"87":0,"88":0,"89":0,"90":0,"91":0,"92":0,"93":0,"94":0,"95":0,"96":0,"97":0,"98":0,"99":0,"100":0,"101":3,"102":0,"103":0,"104":0,"105":0,"106":0,"107":0,"108":0,"109":0,"110":3,"111":3,"112":0,"113":0,"114":0,"115":0,"116":0,"117":0,"118":0,"119":3,"120":0,"121":3,"122":0,"123":0,"124":0,"125":0,"126":0,"127":0,"128":0,"129":3,"130":0,"131":0,"132":0,"133":3,"134":0,"135":0,"136":0,"137":0,"138":0,"139":0,"140":0,"141":0,"142":0,"143":0,"144":0,"145":0,"146":0,"147":0,"148":3,"149":0,"150":0,"151":0,"152":0,"153":0,"154":0,"155":0,"156":0,"157":0,"158":3,"159":0,"160":0,"161":0,"162":0,"163":0,"164":0,"165":3},"f":{"0":6,"1":0,"2":15,"3":0,"4":5,"5":0,"6":5,"7":0,"8":0,"9":0,"10":0,"11":0,"12":0,"13":0,"14":0,"15":0,"16":0,"17":0,"18":0,"19":0,"20":0,"21":0,"22":0,"23":0,"24":0,"25":0,"26":0,"27":0,"28":0,"29":0,"30":0,"31":0,"32":0},"b":{"0":[6,6,6],"1":[0,0],"2":[5,0],"3":[5,5],"4":[5,0],"5":[5,5],"6":[5,0],"7":[5,0],"8":[5,5],"9":[3,2],"10":[5,5],"11":[5,0],"12":[0,0],"13":[0,0],"14":[0,0],"15":[0,0],"16":[0,0],"17":[0,0],"18":[0],"19":[0,0],"20":[0,0],"21":[0,0],"22":[0,0],"23":[0,0],"24":[0,0,0],"25":[0,0,0,0,0,0,0],"26":[0,0],"27":[0,0],"28":[0,0,0],"29":[0,0,0],"30":[0,0,0],"31":[0,0],"32":[0,0],"33":[0,0],"34":[0,0],"35":[0,0],"36":[0,0],"37":[0,0],"38":[0,0],"39":[0,0,0],"40":[0,0]}}
,"/Users/aofeizhu/vue3-form/packages/form-core/core/fields/ArrayField.tsx": {"path":"/Users/aofeizhu/vue3-form/packages/form-core/core/fields/ArrayField.tsx","statementMap":{"0":{"start":{"line":1,"column":0},"end":{"line":1,"column":null}},"1":{"start":{"line":2,"column":0},"end":{"line":2,"column":null}},"2":{"start":{"line":3,"column":0},"end":{"line":3,"column":null}},"3":{"start":{"line":4,"column":0},"end":{"line":4,"column":null}},"4":{"start":{"line":5,"column":0},"end":{"line":5,"column":null}},"5":{"start":{"line":6,"column":0},"end":{"line":111,"column":null}},"6":{"start":{"line":14,"column":20},"end":{"line":14,"column":36}},"7":{"start":{"line":16,"column":34},"end":{"line":21,"column":5}},"8":{"start":{"line":17,"column":24},"end":{"line":17,"column":29}},"9":{"start":{"line":18,"column":18},"end":{"line":18,"column":51}},"10":{"start":{"line":19,"column":6},"end":{"line":19,"column":null}},"11":{"start":{"line":20,"column":6},"end":{"line":20,"column":null}},"12":{"start":{"line":22,"column":23},"end":{"line":27,"column":5}},"13":{"start":{"line":23,"column":24},"end":{"line":23,"column":29}},"14":{"start":{"line":24,"column":18},"end":{"line":24,"column":51}},"15":{"start":{"line":25,"column":6},"end":{"line":25,"column":null}},"16":{"start":{"line":26,"column":6},"end":{"line":26,"column":null}},"17":{"start":{"line":28,"column":26},"end":{"line":33,"column":5}},"18":{"start":{"line":29,"column":24},"end":{"line":29,"column":29}},"19":{"start":{"line":30,"column":18},"end":{"line":30,"column":51}},"20":{"start":{"line":31,"column":6},"end":{"line":31,"column":null}},"21":{"start":{"line":32,"column":6},"end":{"line":32,"column":null}},"22":{"start":{"line":34,"column":22},"end":{"line":43,"column":5}},"23":{"start":{"line":35,"column":6},"end":{"line":35,"column":null}},"24":{"start":{"line":35,"column":23},"end":{"line":35,"column":null}},"25":{"start":{"line":37,"column":24},"end":{"line":37,"column":29}},"26":{"start":{"line":38,"column":18},"end":{"line":38,"column":51}},"27":{"start":{"line":40,"column":19},"end":{"line":40,"column":39}},"28":{"start":{"line":41,"column":6},"end":{"line":41,"column":null}},"29":{"start":{"line":42,"column":6},"end":{"line":42,"column":null}},"30":{"start":{"line":44,"column":24},"end":{"line":52,"column":5}},"31":{"start":{"line":45,"column":24},"end":{"line":45,"column":29}},"32":{"start":{"line":46,"column":18},"end":{"line":46,"column":51}},"33":{"start":{"line":48,"column":6},"end":{"line":48,"column":null}},"34":{"start":{"line":48,"column":36},"end":{"line":48,"column":null}},"35":{"start":{"line":49,"column":19},"end":{"line":49,"column":39}},"36":{"start":{"line":50,"column":6},"end":{"line":50,"column":null}},"37":{"start":{"line":51,"column":6},"end":{"line":51,"column":null}},"38":{"start":{"line":53,"column":4},"end":{"line":109,"column":null}},"39":{"start":{"line":54,"column":44},"end":{"line":54,"column":49}},"40":{"start":{"line":55,"column":29},"end":{"line":55,"column":36}},"41":{"start":{"line":56,"column":26},"end":{"line":56,"column":53}},"42":{"start":{"line":58,"column":28},"end":{"line":58,"column":65}},"43":{"start":{"line":60,"column":32},"end":{"line":60,"column":51}},"44":{"start":{"line":61,"column":20},"end":{"line":61,"column":53}},"45":{"start":{"line":62,"column":8},"end":{"line":72,"column":null}},"46":{"start":{"line":63,"column":10},"end":{"line":69,"column":null}},"47":{"start":{"line":69,"column":36},"end":{"line":69,"column":67}},"48":{"start":{"line":74,"column":20},"end":{"line":74,"column":53}},"49":{"start":{"line":75,"column":8},"end":{"line":93,"column":null}},"50":{"start":{"line":76,"column":10},"end":{"line":89,"column":null}},"51":{"start":{"line":82,"column":32},"end":{"line":89,"column":null}},"52":{"start":{"line":89,"column":38},"end":{"line":89,"column":69}},"53":{"start":{"line":95,"column":29},"end":{"line":95,"column":57}},"54":{"start":{"line":96,"column":24},"end":{"line":99,"column":11}},"55":{"start":{"line":96,"column":49},"end":{"line":99,"column":10}},"56":{"start":{"line":100,"column":8},"end":{"line":105,"column":null}}},"fnMap":{"0":{"name":"(anonymous_1)","decl":{"start":{"line":13,"column":9},"end":{"line":13,"column":19}},"loc":{"start":{"line":13,"column":24},"end":{"line":110,"column":null}}},"1":{"name":"(anonymous_2)","decl":{"start":{"line":16,"column":34},"end":{"line":16,"column":35}},"loc":{"start":{"line":16,"column":60},"end":{"line":21,"column":5}}},"2":{"name":"(anonymous_3)","decl":{"start":{"line":22,"column":23},"end":{"line":22,"column":36}},"loc":{"start":{"line":22,"column":40},"end":{"line":27,"column":5}}},"3":{"name":"(anonymous_4)","decl":{"start":{"line":28,"column":26},"end":{"line":28,"column":39}},"loc":{"start":{"line":28,"column":43},"end":{"line":33,"column":5}}},"4":{"name":"(anonymous_5)","decl":{"start":{"line":34,"column":22},"end":{"line":34,"column":35}},"loc":{"start":{"line":34,"column":39},"end":{"line":43,"column":5}}},"5":{"name":"(anonymous_6)","decl":{"start":{"line":44,"column":24},"end":{"line":44,"column":37}},"loc":{"start":{"line":44,"column":41},"end":{"line":52,"column":5}}},"6":{"name":"(anonymous_7)","decl":{"start":{"line":53,"column":11},"end":{"line":53,"column":16}},"loc":{"start":{"line":53,"column":16},"end":{"line":109,"column":5}}},"7":{"name":"(anonymous_8)","decl":{"start":{"line":62,"column":25},"end":{"line":62,"column":26}},"loc":{"start":{"line":62,"column":54},"end":{"line":72,"column":9}}},"8":{"name":"(anonymous_9)","decl":{"start":{"line":69,"column":25},"end":{"line":69,"column":31}},"loc":{"start":{"line":69,"column":36},"end":{"line":69,"column":67}}},"9":{"name":"(anonymous_10)","decl":{"start":{"line":75,"column":23},"end":{"line":75,"column":24}},"loc":{"start":{"line":75,"column":49},"end":{"line":93,"column":9}}},"10":{"name":"(anonymous_11)","decl":{"start":{"line":82,"column":32},"end":{"line":82,"column":null}},"loc":{"start":{"line":82,"column":32},"end":{"line":89,"column":null}}},"11":{"name":"(anonymous_12)","decl":{"start":{"line":89,"column":27},"end":{"line":89,"column":33}},"loc":{"start":{"line":89,"column":38},"end":{"line":89,"column":69}}},"12":{"name":"(anonymous_13)","decl":{"start":{"line":96,"column":42},"end":{"line":96,"column":43}},"loc":{"start":{"line":96,"column":49},"end":{"line":99,"column":10}}}},"branchMap":{"0":{"loc":{"start":{"line":18,"column":18},"end":{"line":18,"column":51}},"type":"cond-expr","locations":[{"start":{"line":18,"column":41},"end":{"line":18,"column":46}},{"start":{"line":18,"column":49},"end":{"line":18,"column":51}}]},"1":{"loc":{"start":{"line":24,"column":18},"end":{"line":24,"column":51}},"type":"cond-expr","locations":[{"start":{"line":24,"column":41},"end":{"line":24,"column":46}},{"start":{"line":24,"column":49},"end":{"line":24,"column":51}}]},"2":{"loc":{"start":{"line":30,"column":18},"end":{"line":30,"column":51}},"type":"cond-expr","locations":[{"start":{"line":30,"column":41},"end":{"line":30,"column":46}},{"start":{"line":30,"column":49},"end":{"line":30,"column":51}}]},"3":{"loc":{"start":{"line":35,"column":6},"end":{"line":35,"column":null}},"type":"if","locations":[{"start":{"line":35,"column":6},"end":{"line":35,"column":null}}]},"4":{"loc":{"start":{"line":38,"column":18},"end":{"line":38,"column":51}},"type":"cond-expr","locations":[{"start":{"line":38,"column":41},"end":{"line":38,"column":46}},{"start":{"line":38,"column":49},"end":{"line":38,"column":51}}]},"5":{"loc":{"start":{"line":46,"column":18},"end":{"line":46,"column":51}},"type":"cond-expr","locations":[{"start":{"line":46,"column":41},"end":{"line":46,"column":46}},{"start":{"line":46,"column":49},"end":{"line":46,"column":51}}]},"6":{"loc":{"start":{"line":48,"column":6},"end":{"line":48,"column":null}},"type":"if","locations":[{"start":{"line":48,"column":6},"end":{"line":48,"column":null}}]},"7":{"loc":{"start":{"line":58,"column":28},"end":{"line":58,"column":65}},"type":"binary-expr","locations":[{"start":{"line":58,"column":28},"end":{"line":58,"column":41}},{"start":{"line":58,"column":45},"end":{"line":58,"column":64}}]},"8":{"loc":{"start":{"line":58,"column":28},"end":{"line":58,"column":41}},"type":"cond-expr","locations":[{"start":{"line":58,"column":34},"end":{"line":58,"column":36}},{"start":{"line":58,"column":28},"end":{"line":58,"column":41}}]},"9":{"loc":{"start":{"line":58,"column":28},"end":{"line":58,"column":36}},"type":"binary-expr","locations":[{"start":{"line":58,"column":28},"end":{"line":58,"column":36}},{"start":{"line":58,"column":28},"end":{"line":58,"column":36}}]},"10":{"loc":{"start":{"line":58,"column":45},"end":{"line":58,"column":64}},"type":"cond-expr","locations":[{"start":{"line":58,"column":51},"end":{"line":58,"column":53}},{"start":{"line":58,"column":51},"end":{"line":58,"column":64}}]},"11":{"loc":{"start":{"line":58,"column":45},"end":{"line":58,"column":53}},"type":"binary-expr","locations":[{"start":{"line":58,"column":45},"end":{"line":58,"column":53}},{"start":{"line":58,"column":45},"end":{"line":58,"column":53}}]},"12":{"loc":{"start":{"line":58,"column":51},"end":{"line":58,"column":64}},"type":"cond-expr","locations":[{"start":{"line":58,"column":58},"end":{"line":58,"column":60}},{"start":{"line":58,"column":45},"end":{"line":58,"column":64}}]},"13":{"loc":{"start":{"line":58,"column":51},"end":{"line":58,"column":60}},"type":"binary-expr","locations":[{"start":{"line":58,"column":51},"end":{"line":58,"column":60}},{"start":{"line":58,"column":58},"end":{"line":58,"column":60}}]},"14":{"loc":{"start":{"line":61,"column":20},"end":{"line":61,"column":53}},"type":"cond-expr","locations":[{"start":{"line":61,"column":43},"end":{"line":61,"column":48}},{"start":{"line":61,"column":51},"end":{"line":61,"column":53}}]},"15":{"loc":{"start":{"line":74,"column":20},"end":{"line":74,"column":53}},"type":"cond-expr","locations":[{"start":{"line":74,"column":43},"end":{"line":74,"column":48}},{"start":{"line":74,"column":51},"end":{"line":74,"column":53}}]},"16":{"loc":{"start":{"line":96,"column":24},"end":{"line":99,"column":11}},"type":"cond-expr","locations":[{"start":{"line":96,"column":35},"end":{"line":96,"column":37}},{"start":{"line":96,"column":24},"end":{"line":99,"column":11}}]},"17":{"loc":{"start":{"line":96,"column":24},"end":{"line":96,"column":37}},"type":"binary-expr","locations":[{"start":{"line":96,"column":24},"end":{"line":96,"column":37}},{"start":{"line":96,"column":24},"end":{"line":96,"column":37}}]},"18":{"loc":{"start":{"line":102,"column":21},"end":{"line":102,"column":34}},"type":"binary-expr","locations":[{"start":{"line":102,"column":21},"end":{"line":102,"column":28}},{"start":{"line":102,"column":32},"end":{"line":102,"column":34}}]}},"s":{"0":3,"1":3,"2":3,"3":3,"4":3,"5":3,"6":0,"7":0,"8":0,"9":0,"10":0,"11":0,"12":0,"13":0,"14":0,"15":0,"16":0,"17":0,"18":0,"19":0,"20":0,"21":0,"22":0,"23":0,"24":0,"25":0,"26":0,"27":0,"28":0,"29":0,"30":0,"31":0,"32":0,"33":0,"34":0,"35":0,"36":0,"37":0,"38":0,"39":0,"40":0,"41":0,"42":0,"43":0,"44":0,"45":0,"46":0,"47":0,"48":0,"49":0,"50":0,"51":0,"52":0,"53":0,"54":0,"55":0,"56":0},"f":{"0":0,"1":0,"2":0,"3":0,"4":0,"5":0,"6":0,"7":0,"8":0,"9":0,"10":0,"11":0,"12":0},"b":{"0":[0,0],"1":[0,0],"2":[0,0],"3":[0],"4":[0,0],"5":[0,0],"6":[0],"7":[0,0],"8":[0,0],"9":[0,0],"10":[0,0],"11":[0,0],"12":[0,0],"13":[0,0],"14":[0,0],"15":[0,0],"16":[0,0],"17":[0,0],"18":[0,0]}}
,"/Users/aofeizhu/vue3-form/packages/form-core/core/fields/NumberField.tsx": {"path":"/Users/aofeizhu/vue3-form/packages/form-core/core/fields/NumberField.tsx","statementMap":{"0":{"start":{"line":1,"column":0},"end":{"line":1,"column":null}},"1":{"start":{"line":2,"column":0},"end":{"line":2,"column":null}},"2":{"start":{"line":3,"column":0},"end":{"line":3,"column":null}},"3":{"start":{"line":4,"column":0},"end":{"line":21,"column":null}},"4":{"start":{"line":10,"column":24},"end":{"line":10,"column":null}},"5":{"start":{"line":11,"column":22},"end":{"line":13,"column":5}},"6":{"start":{"line":12,"column":6},"end":{"line":12,"column":null}},"7":{"start":{"line":14,"column":4},"end":{"line":16,"column":null}},"8":{"start":{"line":19,"column":4},"end":{"line":19,"column":null}}},"fnMap":{"0":{"name":"(anonymous_0)","decl":{"start":{"line":10,"column":2},"end":{"line":10,"column":7}},"loc":{"start":{"line":10,"column":24},"end":{"line":17,"column":3}}},"1":{"name":"(anonymous_1)","decl":{"start":{"line":11,"column":22},"end":{"line":11,"column":33}},"loc":{"start":{"line":11,"column":37},"end":{"line":13,"column":5}}},"2":{"name":"(anonymous_2)","decl":{"start":{"line":18,"column":2},"end":{"line":18,"column":8}},"loc":{"start":{"line":18,"column":8},"end":{"line":20,"column":null}}}},"branchMap":{},"s":{"0":3,"1":3,"2":3,"3":3,"4":3,"5":3,"6":0,"7":3,"8":3},"f":{"0":3,"1":0,"2":3},"b":{}}
,"/Users/aofeizhu/vue3-form/packages/form-core/core/fields/ObjectField.tsx": {"path":"/Users/aofeizhu/vue3-form/packages/form-core/core/fields/ObjectField.tsx","statementMap":{"0":{"start":{"line":1,"column":0},"end":{"line":1,"column":null}},"1":{"start":{"line":2,"column":0},"end":{"line":2,"column":null}},"2":{"start":{"line":3,"column":0},"end":{"line":3,"column":null}},"3":{"start":{"line":4,"column":0},"end":{"line":4,"column":null}},"4":{"start":{"line":5,"column":0},"end":{"line":40,"column":null}},"5":{"start":{"line":9,"column":20},"end":{"line":9,"column":36}},"6":{"start":{"line":10,"column":36},"end":{"line":19,"column":5}},"7":{"start":{"line":11,"column":25},"end":{"line":11,"column":65}},"8":{"start":{"line":14,"column":8},"end":{"line":14,"column":null}},"9":{"start":{"line":16,"column":8},"end":{"line":16,"column":null}},"10":{"start":{"line":18,"column":6},"end":{"line":18,"column":null}},"11":{"start":{"line":20,"column":4},"end":{"line":38,"column":null}},"12":{"start":{"line":21,"column":44},"end":{"line":21,"column":49}},"13":{"start":{"line":23,"column":29},"end":{"line":23,"column":36}},"14":{"start":{"line":25,"column":25},"end":{"line":25,"column":48}},"15":{"start":{"line":27,"column":32},"end":{"line":27,"column":60}},"16":{"start":{"line":29,"column":6},"end":{"line":37,"column":null}},"17":{"start":{"line":29,"column":63},"end":{"line":35,"column":null}},"18":{"start":{"line":35,"column":32},"end":{"line":35,"column":61}}},"fnMap":{"0":{"name":"(anonymous_0)","decl":{"start":{"line":8,"column":2},"end":{"line":8,"column":7}},"loc":{"start":{"line":8,"column":14},"end":{"line":39,"column":null}}},"1":{"name":"(anonymous_1)","decl":{"start":{"line":10,"column":36},"end":{"line":10,"column":37}},"loc":{"start":{"line":10,"column":60},"end":{"line":19,"column":5}}},"2":{"name":"(anonymous_2)","decl":{"start":{"line":20,"column":11},"end":{"line":20,"column":16}},"loc":{"start":{"line":20,"column":16},"end":{"line":38,"column":5}}},"3":{"name":"(anonymous_3)","decl":{"start":{"line":29,"column":41},"end":{"line":29,"column":42}},"loc":{"start":{"line":29,"column":63},"end":{"line":35,"column":null}}},"4":{"name":"(anonymous_4)","decl":{"start":{"line":35,"column":21},"end":{"line":35,"column":27}},"loc":{"start":{"line":35,"column":32},"end":{"line":35,"column":61}}}},"branchMap":{"0":{"loc":{"start":{"line":11,"column":25},"end":{"line":11,"column":65}},"type":"cond-expr","locations":[{"start":{"line":11,"column":49},"end":{"line":11,"column":60}},{"start":{"line":11,"column":63},"end":{"line":11,"column":65}}]},"1":{"loc":{"start":{"line":25,"column":25},"end":{"line":25,"column":48}},"type":"binary-expr","locations":[{"start":{"line":25,"column":25},"end":{"line":25,"column":42}},{"start":{"line":25,"column":46},"end":{"line":25,"column":48}}]},"2":{"loc":{"start":{"line":27,"column":32},"end":{"line":27,"column":60}},"type":"cond-expr","locations":[{"start":{"line":27,"column":50},"end":{"line":27,"column":55}},{"start":{"line":27,"column":58},"end":{"line":27,"column":60}}]}},"s":{"0":3,"1":3,"2":3,"3":3,"4":3,"5":1,"6":1,"7":0,"8":0,"9":0,"10":0,"11":1,"12":1,"13":1,"14":1,"15":1,"16":1,"17":2,"18":0},"f":{"0":1,"1":0,"2":1,"3":2,"4":0},"b":{"0":[0,0],"1":[1,0],"2":[1,0]}}
,"/Users/aofeizhu/vue3-form/packages/form-core/core/fields/StingField.tsx": {"path":"/Users/aofeizhu/vue3-form/packages/form-core/core/fields/StingField.tsx","statementMap":{"0":{"start":{"line":1,"column":0},"end":{"line":1,"column":null}},"1":{"start":{"line":2,"column":0},"end":{"line":2,"column":null}},"2":{"start":{"line":3,"column":0},"end":{"line":3,"column":null}},"3":{"start":{"line":4,"column":0},"end":{"line":23,"column":null}},"4":{"start":{"line":10,"column":38},"end":{"line":10,"column":null}},"5":{"start":{"line":11,"column":22},"end":{"line":15,"column":5}},"6":{"start":{"line":12,"column":6},"end":{"line":12,"column":null}},"7":{"start":{"line":13,"column":18},"end":{"line":13,"column":32}},"8":{"start":{"line":14,"column":6},"end":{"line":14,"column":null}},"9":{"start":{"line":16,"column":4},"end":{"line":18,"column":null}},"10":{"start":{"line":21,"column":4},"end":{"line":21,"column":null}}},"fnMap":{"0":{"name":"(anonymous_0)","decl":{"start":{"line":10,"column":2},"end":{"line":10,"column":7}},"loc":{"start":{"line":10,"column":38},"end":{"line":19,"column":3}}},"1":{"name":"(anonymous_1)","decl":{"start":{"line":11,"column":22},"end":{"line":11,"column":28}},"loc":{"start":{"line":11,"column":32},"end":{"line":15,"column":5}}},"2":{"name":"(anonymous_2)","decl":{"start":{"line":20,"column":2},"end":{"line":20,"column":8}},"loc":{"start":{"line":20,"column":8},"end":{"line":22,"column":null}}}},"branchMap":{},"s":{"0":3,"1":3,"2":3,"3":3,"4":1,"5":1,"6":0,"7":0,"8":0,"9":1,"10":1},"f":{"0":1,"1":0,"2":1},"b":{}}
,"/Users/aofeizhu/vue3-form/packages/form-core/core/fields/index.ts": {"path":"/Users/aofeizhu/vue3-form/packages/form-core/core/fields/index.ts","statementMap":{"0":{"start":{"line":1,"column":0},"end":{"line":1,"column":7}},"1":{"start":{"line":7,"column":2},"end":{"line":1,"column":null}},"2":{"start":{"line":2,"column":0},"end":{"line":2,"column":7}},"3":{"start":{"line":7,"column":15},"end":{"line":2,"column":null}},"4":{"start":{"line":3,"column":0},"end":{"line":3,"column":7}},"5":{"start":{"line":7,"column":28},"end":{"line":3,"column":null}},"6":{"start":{"line":4,"column":0},"end":{"line":4,"column":7}},"7":{"start":{"line":7,"column":41},"end":{"line":4,"column":null}},"8":{"start":{"line":10,"column":0},"end":{"line":15,"column":null}}},"fnMap":{},"branchMap":{},"s":{"0":3,"1":3,"2":3,"3":3,"4":3,"5":3,"6":3,"7":3,"8":3},"f":{},"b":{}}
,"/Users/aofeizhu/vue3-form/packages/form-core/core/widgets/selection.tsx": {"path":"/Users/aofeizhu/vue3-form/packages/form-core/core/widgets/selection.tsx","statementMap":{"0":{"start":{"line":1,"column":0},"end":{"line":1,"column":null}},"1":{"start":{"line":2,"column":0},"end":{"line":2,"column":null}},"2":{"start":{"line":3,"column":0},"end":{"line":3,"column":null}},"3":{"start":{"line":5,"column":0},"end":{"line":40,"column":null}},"4":{"start":{"line":11,"column":43},"end":{"line":11,"column":null}},"5":{"start":{"line":12,"column":28},"end":{"line":12,"column":44}},"6":{"start":{"line":14,"column":4},"end":{"line":18,"column":null}},"7":{"start":{"line":16,"column":8},"end":{"line":16,"column":null}},"8":{"start":{"line":20,"column":4},"end":{"line":27,"column":null}},"9":{"start":{"line":21,"column":12},"end":{"line":21,"column":23}},"10":{"start":{"line":24,"column":10},"end":{"line":24,"column":null}},"11":{"start":{"line":28,"column":4},"end":{"line":38,"column":null}},"12":{"start":{"line":29,"column":26},"end":{"line":29,"column":31}},"13":{"start":{"line":30,"column":6},"end":{"line":35,"column":null}},"14":{"start":{"line":35,"column":19},"end":{"line":35,"column":null}}},"fnMap":{"0":{"name":"(anonymous_0)","decl":{"start":{"line":11,"column":2},"end":{"line":11,"column":7}},"loc":{"start":{"line":11,"column":43},"end":{"line":39,"column":null}}},"1":{"name":"(anonymous_1)","decl":{"start":{"line":14,"column":27},"end":{"line":14,"column":28}},"loc":{"start":{"line":14,"column":42},"end":{"line":18,"column":5}}},"2":{"name":"(anonymous_2)","decl":{"start":{"line":21,"column":6},"end":{"line":21,"column":12}},"loc":{"start":{"line":21,"column":12},"end":{"line":21,"column":23}}},"3":{"name":"(anonymous_3)","decl":{"start":{"line":22,"column":6},"end":{"line":22,"column":7}},"loc":{"start":{"line":22,"column":21},"end":{"line":26,"column":7}}},"4":{"name":"(anonymous_4)","decl":{"start":{"line":28,"column":11},"end":{"line":28,"column":16}},"loc":{"start":{"line":28,"column":16},"end":{"line":38,"column":5}}},"5":{"name":"(anonymous_5)","decl":{"start":{"line":35,"column":40},"end":{"line":35,"column":null}},"loc":{"start":{"line":35,"column":19},"end":{"line":35,"column":null}}}},"branchMap":{},"s":{"0":3,"1":3,"2":3,"3":3,"4":0,"5":0,"6":0,"7":0,"8":0,"9":0,"10":0,"11":0,"12":0,"13":0,"14":0},"f":{"0":0,"1":0,"2":0,"3":0,"4":0,"5":0},"b":{}}
,"/Users/aofeizhu/vue3-form/packages/form-core/core/wrapper/ArrayItemWrapper.tsx": {"path":"/Users/aofeizhu/vue3-form/packages/form-core/core/wrapper/ArrayItemWrapper.tsx","statementMap":{"0":{"start":{"line":1,"column":0},"end":{"line":1,"column":null}},"1":{"start":{"line":2,"column":0},"end":{"line":2,"column":null}},"2":{"start":{"line":4,"column":0},"end":{"line":50,"column":null}},"3":{"start":{"line":31,"column":30},"end":{"line":31,"column":null}},"4":{"start":{"line":33,"column":4},"end":{"line":48,"column":null}},"5":{"start":{"line":34,"column":6},"end":{"line":45,"column":null}},"6":{"start":{"line":37,"column":37},"end":{"line":37,"column":61}},"7":{"start":{"line":37,"column":61},"end":{"line":37,"column":null}},"8":{"start":{"line":38,"column":37},"end":{"line":38,"column":64}},"9":{"start":{"line":38,"column":64},"end":{"line":38,"column":null}},"10":{"start":{"line":41,"column":37},"end":{"line":41,"column":60}},"11":{"start":{"line":41,"column":60},"end":{"line":41,"column":null}},"12":{"start":{"line":42,"column":37},"end":{"line":42,"column":62}},"13":{"start":{"line":42,"column":62},"end":{"line":42,"column":null}}},"fnMap":{"0":{"name":"(anonymous_0)","decl":{"start":{"line":31,"column":2},"end":{"line":31,"column":7}},"loc":{"start":{"line":31,"column":30},"end":{"line":49,"column":null}}},"1":{"name":"(anonymous_1)","decl":{"start":{"line":33,"column":11},"end":{"line":33,"column":16}},"loc":{"start":{"line":33,"column":16},"end":{"line":48,"column":5}}},"2":{"name":"(anonymous_2)","decl":{"start":{"line":37,"column":31},"end":{"line":37,"column":37}},"loc":{"start":{"line":37,"column":37},"end":{"line":37,"column":61}}},"3":{"name":"(anonymous_3)","decl":{"start":{"line":37,"column":61},"end":{"line":37,"column":null}},"loc":{"start":{"line":37,"column":61},"end":{"line":37,"column":null}}},"4":{"name":"(anonymous_4)","decl":{"start":{"line":38,"column":31},"end":{"line":38,"column":37}},"loc":{"start":{"line":38,"column":37},"end":{"line":38,"column":64}}},"5":{"name":"(anonymous_5)","decl":{"start":{"line":38,"column":64},"end":{"line":38,"column":null}},"loc":{"start":{"line":38,"column":64},"end":{"line":38,"column":null}}},"6":{"name":"(anonymous_6)","decl":{"start":{"line":41,"column":31},"end":{"line":41,"column":37}},"loc":{"start":{"line":41,"column":37},"end":{"line":41,"column":60}}},"7":{"name":"(anonymous_7)","decl":{"start":{"line":41,"column":60},"end":{"line":41,"column":null}},"loc":{"start":{"line":41,"column":60},"end":{"line":41,"column":null}}},"8":{"name":"(anonymous_8)","decl":{"start":{"line":42,"column":31},"end":{"line":42,"column":37}},"loc":{"start":{"line":42,"column":37},"end":{"line":42,"column":62}}},"9":{"name":"(anonymous_9)","decl":{"start":{"line":42,"column":62},"end":{"line":42,"column":null}},"loc":{"start":{"line":42,"column":62},"end":{"line":42,"column":null}}}},"branchMap":{"0":{"loc":{"start":{"line":45,"column":16},"end":{"line":45,"column":48}},"type":"binary-expr","locations":[{"start":{"line":45,"column":16},"end":{"line":45,"column":29}},{"start":{"line":45,"column":33},"end":{"line":45,"column":48}}]}},"s":{"0":3,"1":3,"2":3,"3":0,"4":0,"5":0,"6":0,"7":0,"8":0,"9":0,"10":0,"11":0,"12":0,"13":0},"f":{"0":0,"1":0,"2":0,"3":0,"4":0,"5":0,"6":0,"7":0,"8":0,"9":0},"b":{"0":[0,0]}}
}
