TN:
SF:core/context.ts
FN:15,useVJSFContext
FNF:1
FNH:1
FNDA:1,useVJSFContext
DA:1,3
DA:3,3
DA:15,3
DA:17,1
DA:20,0
DA:22,1
LF:6
LH:5
BRF:0
BRH:0
end_of_record
TN:
SF:core/index.tsx
FNF:0
FNH:0
DA:1,3
DA:3,3
LF:2
LH:2
BRF:0
BRH:0
end_of_record
TN:
SF:core/schemaForm.tsx
FN:22,(anonymous_1)
FN:23,(anonymous_2)
FN:31,(anonymous_3)
FNF:3
FNH:3
FNDA:3,(anonymous_1)
FNDA:2,(anonymous_2)
FNDA:3,(anonymous_3)
DA:1,3
DA:5,3
DA:6,3
DA:7,3
DA:22,3
DA:23,3
DA:24,2
DA:26,3
DA:30,3
DA:31,3
DA:32,3
DA:33,3
LF:12
LH:12
BRF:0
BRH:0
end_of_record
TN:
SF:core/schemaItem.tsx
FN:11,(anonymous_0)
FN:12,(anonymous_1)
FN:18,(anonymous_2)
FNF:3
FNH:3
FNDA:5,(anonymous_0)
FNDA:5,(anonymous_1)
FNDA:5,(anonymous_2)
DA:1,3
DA:2,3
DA:3,3
DA:6,3
DA:8,3
DA:12,5
DA:13,5
DA:15,5
DA:18,5
DA:19,5
DA:20,5
DA:21,5
DA:23,5
DA:25,1
DA:26,1
DA:29,3
DA:30,3
DA:33,1
DA:34,1
DA:37,0
DA:38,0
DA:40,0
DA:41,0
DA:44,5
LF:24
LH:20
BRDA:20,0,0,0
BRDA:20,0,1,5
BRDA:20,1,0,5
BRDA:20,1,1,5
BRDA:23,2,0,0
BRF:5
BRH:3
end_of_record
TN:
SF:core/types.ts
FN:2,(anonymous_0)
FNF:1
FNH:1
FNDA:3,(anonymous_0)
DA:2,3
DA:3,3
DA:4,3
DA:5,3
DA:6,3
DA:7,3
DA:8,3
DA:51,3
DA:81,3
DA:98,3
LF:10
LH:10
BRDA:2,0,0,3
BRDA:2,0,1,3
BRF:2
BRH:2
end_of_record
TN:
SF:core/utils.ts
FN:9,isObject
FN:13,isEmptyObject
FN:17,hasOwnProperty
FN:31,validateData
FN:42,resolveSchema
FN:52,(anonymous_6)
FN:62,retrieveSchema
FN:105,stubExistingAdditionalProperties
FN:116,(anonymous_9)
FN:157,resolveReference
FN:170,findSchemaDefinition
FN:189,resolveDependencies
FN:215,processDependencies
FN:257,withDependentProperties
FN:267,withDependentSchema
FN:288,(anonymous_16)
FN:302,withExactlyOneSubschema
FN:309,(anonymous_18)
FN:348,mergeSchemas
FN:350,(anonymous_20)
FN:382,getSchemaType
FN:399,(anonymous_22)
FN:431,guessType
FN:449,isConstant
FN:456,isSelect
FN:462,(anonymous_26)
FN:467,isMultiSelect
FN:475,getMatchingOption
FN:494,(anonymous_29)
FN:534,mergeDefaultsWithFormData
FN:539,(anonymous_31)
FN:547,(anonymous_32)
FN:559,getDefaultFormState
FNF:33
FNH:4
FNDA:6,isObject
FNDA:0,isEmptyObject
FNDA:15,hasOwnProperty
FNDA:0,validateData
FNDA:5,resolveSchema
FNDA:0,(anonymous_6)
FNDA:5,retrieveSchema
FNDA:0,stubExistingAdditionalProperties
FNDA:0,(anonymous_9)
FNDA:0,resolveReference
FNDA:0,findSchemaDefinition
FNDA:0,resolveDependencies
FNDA:0,processDependencies
FNDA:0,withDependentProperties
FNDA:0,withDependentSchema
FNDA:0,(anonymous_16)
FNDA:0,withExactlyOneSubschema
FNDA:0,(anonymous_18)
FNDA:0,mergeSchemas
FNDA:0,(anonymous_20)
FNDA:0,getSchemaType
FNDA:0,(anonymous_22)
FNDA:0,guessType
FNDA:0,isConstant
FNDA:0,isSelect
FNDA:0,(anonymous_26)
FNDA:0,isMultiSelect
FNDA:0,getMatchingOption
FNDA:0,(anonymous_29)
FNDA:0,mergeDefaultsWithFormData
FNDA:0,(anonymous_31)
FNDA:0,(anonymous_32)
FNDA:0,getDefaultFormState
DA:2,3
DA:3,3
DA:4,3
DA:5,3
DA:9,3
DA:10,6
DA:13,3
DA:14,0
DA:17,3
DA:22,15
DA:29,3
DA:31,3
DA:32,0
DA:33,0
DA:42,5
DA:45,0
DA:47,0
DA:48,0
DA:50,0
DA:53,0
DA:58,5
DA:62,3
DA:64,5
DA:65,5
DA:68,0
DA:70,5
DA:77,0
DA:83,0
DA:84,0
DA:85,0
DA:89,5
DA:93,0
DA:99,5
DA:102,3
DA:105,3
DA:107,0
DA:108,0
DA:111,0
DA:116,0
DA:119,0
DA:124,0
DA:130,0
DA:132,0
DA:136,0
DA:138,0
DA:141,0
DA:159,0
DA:161,0
DA:163,0
DA:170,3
DA:171,0
DA:174,0
DA:176,0
DA:178,0
DA:180,0
DA:184,0
DA:186,0
DA:195,0
DA:197,0
DA:202,0
DA:207,0
DA:225,0
DA:232,0
DA:235,0
DA:237,0
DA:239,0
DA:247,0
DA:254,0
DA:259,0
DA:261,0
DA:264,0
DA:275,0
DA:280,0
DA:283,0
DA:285,0
DA:288,0
DA:289,0
DA:293,0
DA:309,0
DA:311,0
DA:313,0
DA:315,0
DA:322,0
DA:323,0
DA:327,0
DA:330,0
DA:332,0
DA:334,0
DA:335,0
DA:336,0
DA:348,3
DA:349,0
DA:350,0
DA:351,0
DA:352,0
DA:354,0
DA:365,0
DA:367,0
DA:369,0
DA:382,3
DA:383,0
DA:386,0
DA:390,0
DA:394,0
DA:397,0
DA:399,0
DA:402,0
DA:431,3
DA:433,0
DA:435,0
DA:437,0
DA:439,0
DA:441,0
DA:443,0
DA:446,0
DA:449,3
DA:450,0
DA:456,3
DA:457,0
DA:458,0
DA:460,0
DA:462,0
DA:464,0
DA:467,3
DA:469,0
DA:471,0
DA:475,3
DA:480,0
DA:481,0
DA:493,0
DA:494,0
DA:504,0
DA:507,0
DA:510,0
DA:513,0
DA:515,0
DA:517,0
DA:522,0
DA:525,0
DA:528,0
DA:531,0
DA:534,3
DA:537,0
DA:539,0
DA:541,0
DA:543,0
DA:546,0
DA:547,0
DA:548,0
DA:552,0
DA:555,0
DA:559,3
DA:566,0
DA:569,0
DA:580,0
DA:583,0
DA:586,0
DA:588,0
LF:158
LH:31
BRDA:10,0,0,6
BRDA:10,0,1,6
BRDA:10,0,2,6
BRDA:14,1,0,0
BRDA:14,1,1,0
BRDA:42,2,0,5
BRDA:42,2,1,0
BRDA:42,3,0,5
BRDA:42,3,1,5
BRDA:42,4,0,5
BRDA:42,4,1,0
BRDA:42,5,0,5
BRDA:42,5,1,5
BRDA:49,6,0,5
BRDA:49,6,1,0
BRDA:64,7,0,5
BRDA:64,7,1,0
BRDA:64,8,0,5
BRDA:64,8,1,5
BRDA:65,9,0,3
BRDA:65,9,1,2
BRDA:65,10,0,5
BRDA:65,10,1,5
BRDA:89,11,0,5
BRDA:89,11,1,0
BRDA:107,12,0,0
BRDA:107,12,1,0
BRDA:107,13,0,0
BRDA:107,13,1,0
BRDA:108,14,0,0
BRDA:108,14,1,0
BRDA:108,15,0,0
BRDA:108,15,1,0
BRDA:170,16,0,0
BRDA:170,16,1,0
BRDA:170,17,0,0
BRDA:170,17,1,0
BRDA:195,18,0,0
BRDA:229,19,0,0
BRDA:229,19,1,0
BRDA:261,20,0,0
BRDA:261,20,1,0
BRDA:289,21,0,0
BRDA:289,21,1,0
BRDA:323,22,0,0
BRDA:323,22,1,0
BRDA:351,23,0,0
BRDA:351,23,1,0
BRDA:353,24,0,0
BRDA:353,24,1,0
BRDA:353,24,2,0
BRDA:356,25,0,0
BRDA:356,25,1,0
BRDA:356,25,2,0
BRDA:356,25,3,0
BRDA:356,25,4,0
BRDA:356,25,5,0
BRDA:356,25,6,0
BRDA:385,26,0,0
BRDA:385,26,1,0
BRDA:389,27,0,0
BRDA:389,27,1,0
BRDA:393,28,0,0
BRDA:393,28,1,0
BRDA:393,28,2,0
BRDA:398,29,0,0
BRDA:398,29,1,0
BRDA:398,29,2,0
BRDA:451,30,0,0
BRDA:451,30,1,0
BRDA:451,30,2,0
BRDA:456,31,0,0
BRDA:456,31,1,0
BRDA:456,32,0,0
BRDA:456,32,1,0
BRDA:458,33,0,0
BRDA:458,33,1,0
BRDA:467,34,0,0
BRDA:467,34,1,0
BRDA:467,35,0,0
BRDA:467,35,1,0
BRDA:468,36,0,0
BRDA:468,36,1,0
BRDA:549,37,0,0
BRDA:549,37,1,0
BRDA:582,38,0,0
BRDA:582,38,1,0
BRDA:585,39,0,0
BRDA:585,39,1,0
BRDA:585,39,2,0
BRDA:588,40,0,0
BRDA:588,40,1,0
BRF:92
BRH:18
end_of_record
TN:
SF:core/fields/ArrayField.tsx
FN:13,(anonymous_1)
FN:16,(anonymous_2)
FN:22,(anonymous_3)
FN:28,(anonymous_4)
FN:34,(anonymous_5)
FN:44,(anonymous_6)
FN:53,(anonymous_7)
FN:62,(anonymous_8)
FN:69,(anonymous_9)
FN:75,(anonymous_10)
FN:82,(anonymous_11)
FN:89,(anonymous_12)
FN:96,(anonymous_13)
FNF:13
FNH:0
FNDA:0,(anonymous_1)
FNDA:0,(anonymous_2)
FNDA:0,(anonymous_3)
FNDA:0,(anonymous_4)
FNDA:0,(anonymous_5)
FNDA:0,(anonymous_6)
FNDA:0,(anonymous_7)
FNDA:0,(anonymous_8)
FNDA:0,(anonymous_9)
FNDA:0,(anonymous_10)
FNDA:0,(anonymous_11)
FNDA:0,(anonymous_12)
FNDA:0,(anonymous_13)
DA:1,3
DA:2,3
DA:3,3
DA:4,3
DA:5,3
DA:6,3
DA:14,0
DA:16,0
DA:17,0
DA:18,0
DA:19,0
DA:20,0
DA:22,0
DA:23,0
DA:24,0
DA:25,0
DA:26,0
DA:28,0
DA:29,0
DA:30,0
DA:31,0
DA:32,0
DA:34,0
DA:35,0
DA:37,0
DA:38,0
DA:40,0
DA:41,0
DA:42,0
DA:44,0
DA:45,0
DA:46,0
DA:48,0
DA:49,0
DA:50,0
DA:51,0
DA:53,0
DA:54,0
DA:55,0
DA:56,0
DA:58,0
DA:60,0
DA:61,0
DA:62,0
DA:63,0
DA:69,0
DA:74,0
DA:75,0
DA:76,0
DA:82,0
DA:89,0
DA:95,0
DA:96,0
DA:100,0
LF:54
LH:6
BRDA:18,0,0,0
BRDA:18,0,1,0
BRDA:24,1,0,0
BRDA:24,1,1,0
BRDA:30,2,0,0
BRDA:30,2,1,0
BRDA:35,3,0,0
BRDA:38,4,0,0
BRDA:38,4,1,0
BRDA:46,5,0,0
BRDA:46,5,1,0
BRDA:48,6,0,0
BRDA:58,7,0,0
BRDA:58,7,1,0
BRDA:58,8,0,0
BRDA:58,8,1,0
BRDA:58,9,0,0
BRDA:58,9,1,0
BRDA:58,10,0,0
BRDA:58,10,1,0
BRDA:58,11,0,0
BRDA:58,11,1,0
BRDA:58,12,0,0
BRDA:58,12,1,0
BRDA:58,13,0,0
BRDA:58,13,1,0
BRDA:61,14,0,0
BRDA:61,14,1,0
BRDA:74,15,0,0
BRDA:74,15,1,0
BRDA:96,16,0,0
BRDA:96,16,1,0
BRDA:96,17,0,0
BRDA:96,17,1,0
BRDA:102,18,0,0
BRDA:102,18,1,0
BRF:36
BRH:0
end_of_record
TN:
SF:core/fields/NumberField.tsx
FN:10,(anonymous_0)
FN:11,(anonymous_1)
FN:18,(anonymous_2)
FNF:3
FNH:2
FNDA:3,(anonymous_0)
FNDA:0,(anonymous_1)
FNDA:3,(anonymous_2)
DA:1,3
DA:2,3
DA:3,3
DA:4,3
DA:10,3
DA:11,3
DA:12,0
DA:14,3
DA:19,3
LF:9
LH:8
BRF:0
BRH:0
end_of_record
TN:
SF:core/fields/ObjectField.tsx
FN:8,(anonymous_0)
FN:10,(anonymous_1)
FN:20,(anonymous_2)
FN:29,(anonymous_3)
FN:35,(anonymous_4)
FNF:5
FNH:3
FNDA:1,(anonymous_0)
FNDA:0,(anonymous_1)
FNDA:1,(anonymous_2)
FNDA:2,(anonymous_3)
FNDA:0,(anonymous_4)
DA:1,3
DA:2,3
DA:3,3
DA:4,3
DA:5,3
DA:9,1
DA:10,1
DA:11,0
DA:14,0
DA:16,0
DA:18,0
DA:20,1
DA:21,1
DA:23,1
DA:25,1
DA:27,1
DA:29,2
DA:35,0
LF:18
LH:13
BRDA:11,0,0,0
BRDA:11,0,1,0
BRDA:25,1,0,1
BRDA:25,1,1,0
BRDA:27,2,0,1
BRDA:27,2,1,0
BRF:6
BRH:2
end_of_record
TN:
SF:core/fields/StingField.tsx
FN:10,(anonymous_0)
FN:11,(anonymous_1)
FN:20,(anonymous_2)
FNF:3
FNH:2
FNDA:1,(anonymous_0)
FNDA:0,(anonymous_1)
FNDA:1,(anonymous_2)
DA:1,3
DA:2,3
DA:3,3
DA:4,3
DA:10,1
DA:11,1
DA:12,0
DA:13,0
DA:14,0
DA:16,1
DA:21,1
LF:11
LH:8
BRF:0
BRH:0
end_of_record
TN:
SF:core/fields/index.tsx
FNF:0
FNH:0
DA:1,3
DA:2,3
DA:3,3
DA:4,3
DA:7,3
DA:10,3
LF:6
LH:6
BRF:0
BRH:0
end_of_record
TN:
SF:core/widgets/selection.tsx
FN:11,(anonymous_0)
FN:14,(anonymous_1)
FN:21,(anonymous_2)
FN:22,(anonymous_3)
FN:28,(anonymous_4)
FN:35,(anonymous_5)
FNF:6
FNH:0
FNDA:0,(anonymous_0)
FNDA:0,(anonymous_1)
FNDA:0,(anonymous_2)
FNDA:0,(anonymous_3)
FNDA:0,(anonymous_4)
FNDA:0,(anonymous_5)
DA:1,3
DA:2,3
DA:3,3
DA:5,3
DA:11,0
DA:12,0
DA:14,0
DA:16,0
DA:20,0
DA:21,0
DA:24,0
DA:28,0
DA:29,0
DA:30,0
DA:35,0
LF:15
LH:4
BRF:0
BRH:0
end_of_record
TN:
SF:core/wrapper/ArrayItemWrapper.tsx
FN:31,(anonymous_0)
FN:33,(anonymous_1)
FN:37,(anonymous_2)
FN:37,(anonymous_3)
FN:38,(anonymous_4)
FN:38,(anonymous_5)
FN:41,(anonymous_6)
FN:41,(anonymous_7)
FN:42,(anonymous_8)
FN:42,(anonymous_9)
FNF:10
FNH:0
FNDA:0,(anonymous_0)
FNDA:0,(anonymous_1)
FNDA:0,(anonymous_2)
FNDA:0,(anonymous_3)
FNDA:0,(anonymous_4)
FNDA:0,(anonymous_5)
FNDA:0,(anonymous_6)
FNDA:0,(anonymous_7)
FNDA:0,(anonymous_8)
FNDA:0,(anonymous_9)
DA:1,3
DA:2,3
DA:4,3
DA:31,0
DA:33,0
DA:34,0
DA:37,0
DA:38,0
DA:41,0
DA:42,0
LF:10
LH:3
BRDA:45,0,0,0
BRDA:45,0,1,0
BRF:2
BRH:0
end_of_record
